<?xml version="1.0" encoding="UTF-8"?>
<!-- Generated by org.testng.reporters.JUnitReportReporter -->
<testsuite hostname="SagarSunar" failures="0" tests="1" name="org.bayone.login.Test01" time="11.582" errors="0" timestamp="2024-06-27T16:11:01 IST" skipped="0">
  <testcase classname="org.bayone.login.Test01" name="launchBrowser" time="11.582"/>
  <system-out/>
</testsuite> <!-- org.bayone.login.Test01 -->
